CRITICAL - 2022-01-05 19:00:36 --> Undefined variable: validation
#0 C:\server\htdocs\CodeIgniter\app\Views\form.php(39): CodeIgniter\Debug\Exceptions->errorHandler(8, 'Undefined varia...', 'C:\\server\\htdoc...', 39, Array)
#1 C:\server\htdocs\CodeIgniter\system\View\View.php(214): include('C:\\server\\htdoc...')
#2 C:\server\htdocs\CodeIgniter\system\View\View.php(217): CodeIgniter\View\View->CodeIgniter\View\{closure}()
#3 C:\server\htdocs\CodeIgniter\system\Common.php(1097): CodeIgniter\View\View->render('form.php', Array, true)
#4 C:\server\htdocs\CodeIgniter\app\Controllers\Form.php(10): view('form.php')
#5 C:\server\htdocs\CodeIgniter\system\CodeIgniter.php(824): App\Controllers\Form->index()
#6 C:\server\htdocs\CodeIgniter\system\CodeIgniter.php(410): CodeIgniter\CodeIgniter->runController(Object(App\Controllers\Form))
#7 C:\server\htdocs\CodeIgniter\system\CodeIgniter.php(318): CodeIgniter\CodeIgniter->handleRequest(NULL, Object(Config\Cache), false)
#8 C:\server\htdocs\CodeIgniter\public\index.php(37): CodeIgniter\CodeIgniter->run()
#9 {main}
CRITICAL - 2022-01-05 19:01:28 --> Trying to access array offset on value of type null
#0 C:\server\htdocs\CodeIgniter\app\Controllers\users.php(50): CodeIgniter\Debug\Exceptions->errorHandler(8, 'Trying to acces...', 'C:\\server\\htdoc...', 50, Array)
#1 C:\server\htdocs\CodeIgniter\system\CodeIgniter.php(824): App\Controllers\users->create2()
#2 C:\server\htdocs\CodeIgniter\system\CodeIgniter.php(410): CodeIgniter\CodeIgniter->runController(Object(App\Controllers\users))
#3 C:\server\htdocs\CodeIgniter\system\CodeIgniter.php(318): CodeIgniter\CodeIgniter->handleRequest(NULL, Object(Config\Cache), false)
#4 C:\server\htdocs\CodeIgniter\public\index.php(37): CodeIgniter\CodeIgniter->run()
#5 {main}
CRITICAL - 2022-01-05 19:02:23 --> Trying to access array offset on value of type null
#0 C:\server\htdocs\CodeIgniter\app\Controllers\users.php(50): CodeIgniter\Debug\Exceptions->errorHandler(8, 'Trying to acces...', 'C:\\server\\htdoc...', 50, Array)
#1 C:\server\htdocs\CodeIgniter\system\CodeIgniter.php(824): App\Controllers\users->create2()
#2 C:\server\htdocs\CodeIgniter\system\CodeIgniter.php(410): CodeIgniter\CodeIgniter->runController(Object(App\Controllers\users))
#3 C:\server\htdocs\CodeIgniter\system\CodeIgniter.php(318): CodeIgniter\CodeIgniter->handleRequest(NULL, Object(Config\Cache), false)
#4 C:\server\htdocs\CodeIgniter\public\index.php(37): CodeIgniter\CodeIgniter->run()
#5 {main}
CRITICAL - 2022-01-05 19:02:37 --> Trying to access array offset on value of type null
#0 C:\server\htdocs\CodeIgniter\app\Controllers\users.php(50): CodeIgniter\Debug\Exceptions->errorHandler(8, 'Trying to acces...', 'C:\\server\\htdoc...', 50, Array)
#1 C:\server\htdocs\CodeIgniter\system\CodeIgniter.php(824): App\Controllers\users->create2()
#2 C:\server\htdocs\CodeIgniter\system\CodeIgniter.php(410): CodeIgniter\CodeIgniter->runController(Object(App\Controllers\users))
#3 C:\server\htdocs\CodeIgniter\system\CodeIgniter.php(318): CodeIgniter\CodeIgniter->handleRequest(NULL, Object(Config\Cache), false)
#4 C:\server\htdocs\CodeIgniter\public\index.php(37): CodeIgniter\CodeIgniter->run()
#5 {main}
CRITICAL - 2022-01-05 19:02:42 --> Trying to access array offset on value of type null
#0 C:\server\htdocs\CodeIgniter\app\Controllers\users.php(50): CodeIgniter\Debug\Exceptions->errorHandler(8, 'Trying to acces...', 'C:\\server\\htdoc...', 50, Array)
#1 C:\server\htdocs\CodeIgniter\system\CodeIgniter.php(824): App\Controllers\users->create2()
#2 C:\server\htdocs\CodeIgniter\system\CodeIgniter.php(410): CodeIgniter\CodeIgniter->runController(Object(App\Controllers\users))
#3 C:\server\htdocs\CodeIgniter\system\CodeIgniter.php(318): CodeIgniter\CodeIgniter->handleRequest(NULL, Object(Config\Cache), false)
#4 C:\server\htdocs\CodeIgniter\public\index.php(37): CodeIgniter\CodeIgniter->run()
#5 {main}
CRITICAL - 2022-01-05 19:02:43 --> Trying to access array offset on value of type null
#0 C:\server\htdocs\CodeIgniter\app\Controllers\users.php(50): CodeIgniter\Debug\Exceptions->errorHandler(8, 'Trying to acces...', 'C:\\server\\htdoc...', 50, Array)
#1 C:\server\htdocs\CodeIgniter\system\CodeIgniter.php(824): App\Controllers\users->create2()
#2 C:\server\htdocs\CodeIgniter\system\CodeIgniter.php(410): CodeIgniter\CodeIgniter->runController(Object(App\Controllers\users))
#3 C:\server\htdocs\CodeIgniter\system\CodeIgniter.php(318): CodeIgniter\CodeIgniter->handleRequest(NULL, Object(Config\Cache), false)
#4 C:\server\htdocs\CodeIgniter\public\index.php(37): CodeIgniter\CodeIgniter->run()
#5 {main}
CRITICAL - 2022-01-05 19:04:57 --> Undefined index: phone
#0 C:\server\htdocs\CodeIgniter\app\Controllers\users.php(51): CodeIgniter\Debug\Exceptions->errorHandler(8, 'Undefined index...', 'C:\\server\\htdoc...', 51, Array)
#1 C:\server\htdocs\CodeIgniter\system\CodeIgniter.php(824): App\Controllers\users->create2()
#2 C:\server\htdocs\CodeIgniter\system\CodeIgniter.php(410): CodeIgniter\CodeIgniter->runController(Object(App\Controllers\users))
#3 C:\server\htdocs\CodeIgniter\system\CodeIgniter.php(318): CodeIgniter\CodeIgniter->handleRequest(NULL, Object(Config\Cache), false)
#4 C:\server\htdocs\CodeIgniter\public\index.php(37): CodeIgniter\CodeIgniter->run()
#5 {main}
CRITICAL - 2022-01-05 19:05:10 --> Undefined index: phone
#0 C:\server\htdocs\CodeIgniter\app\Controllers\users.php(51): CodeIgniter\Debug\Exceptions->errorHandler(8, 'Undefined index...', 'C:\\server\\htdoc...', 51, Array)
#1 C:\server\htdocs\CodeIgniter\system\CodeIgniter.php(824): App\Controllers\users->create2()
#2 C:\server\htdocs\CodeIgniter\system\CodeIgniter.php(410): CodeIgniter\CodeIgniter->runController(Object(App\Controllers\users))
#3 C:\server\htdocs\CodeIgniter\system\CodeIgniter.php(318): CodeIgniter\CodeIgniter->handleRequest(NULL, Object(Config\Cache), false)
#4 C:\server\htdocs\CodeIgniter\public\index.php(37): CodeIgniter\CodeIgniter->run()
#5 {main}
CRITICAL - 2022-01-05 19:05:13 --> Undefined index: phone
#0 C:\server\htdocs\CodeIgniter\app\Controllers\users.php(51): CodeIgniter\Debug\Exceptions->errorHandler(8, 'Undefined index...', 'C:\\server\\htdoc...', 51, Array)
#1 C:\server\htdocs\CodeIgniter\system\CodeIgniter.php(824): App\Controllers\users->create2()
#2 C:\server\htdocs\CodeIgniter\system\CodeIgniter.php(410): CodeIgniter\CodeIgniter->runController(Object(App\Controllers\users))
#3 C:\server\htdocs\CodeIgniter\system\CodeIgniter.php(318): CodeIgniter\CodeIgniter->handleRequest(NULL, Object(Config\Cache), false)
#4 C:\server\htdocs\CodeIgniter\public\index.php(37): CodeIgniter\CodeIgniter->run()
#5 {main}
CRITICAL - 2022-01-05 19:05:37 --> Trying to access array offset on value of type null
#0 C:\server\htdocs\CodeIgniter\app\Controllers\users.php(50): CodeIgniter\Debug\Exceptions->errorHandler(8, 'Trying to acces...', 'C:\\server\\htdoc...', 50, Array)
#1 C:\server\htdocs\CodeIgniter\system\CodeIgniter.php(824): App\Controllers\users->create2()
#2 C:\server\htdocs\CodeIgniter\system\CodeIgniter.php(410): CodeIgniter\CodeIgniter->runController(Object(App\Controllers\users))
#3 C:\server\htdocs\CodeIgniter\system\CodeIgniter.php(318): CodeIgniter\CodeIgniter->handleRequest(NULL, Object(Config\Cache), false)
#4 C:\server\htdocs\CodeIgniter\public\index.php(37): CodeIgniter\CodeIgniter->run()
#5 {main}
CRITICAL - 2022-01-05 19:05:47 --> Trying to access array offset on value of type null
#0 C:\server\htdocs\CodeIgniter\app\Controllers\users.php(50): CodeIgniter\Debug\Exceptions->errorHandler(8, 'Trying to acces...', 'C:\\server\\htdoc...', 50, Array)
#1 C:\server\htdocs\CodeIgniter\system\CodeIgniter.php(824): App\Controllers\users->create2()
#2 C:\server\htdocs\CodeIgniter\system\CodeIgniter.php(410): CodeIgniter\CodeIgniter->runController(Object(App\Controllers\users))
#3 C:\server\htdocs\CodeIgniter\system\CodeIgniter.php(318): CodeIgniter\CodeIgniter->handleRequest(NULL, Object(Config\Cache), false)
#4 C:\server\htdocs\CodeIgniter\public\index.php(37): CodeIgniter\CodeIgniter->run()
#5 {main}
CRITICAL - 2022-01-05 19:06:31 --> Undefined index: phone
#0 C:\server\htdocs\CodeIgniter\app\Controllers\users.php(54): CodeIgniter\Debug\Exceptions->errorHandler(8, 'Undefined index...', 'C:\\server\\htdoc...', 54, Array)
#1 C:\server\htdocs\CodeIgniter\system\CodeIgniter.php(824): App\Controllers\users->create2()
#2 C:\server\htdocs\CodeIgniter\system\CodeIgniter.php(410): CodeIgniter\CodeIgniter->runController(Object(App\Controllers\users))
#3 C:\server\htdocs\CodeIgniter\system\CodeIgniter.php(318): CodeIgniter\CodeIgniter->handleRequest(NULL, Object(Config\Cache), false)
#4 C:\server\htdocs\CodeIgniter\public\index.php(37): CodeIgniter\CodeIgniter->run()
#5 {main}
CRITICAL - 2022-01-05 19:06:34 --> Trying to access array offset on value of type null
#0 C:\server\htdocs\CodeIgniter\app\Controllers\users.php(53): CodeIgniter\Debug\Exceptions->errorHandler(8, 'Trying to acces...', 'C:\\server\\htdoc...', 53, Array)
#1 C:\server\htdocs\CodeIgniter\system\CodeIgniter.php(824): App\Controllers\users->create2()
#2 C:\server\htdocs\CodeIgniter\system\CodeIgniter.php(410): CodeIgniter\CodeIgniter->runController(Object(App\Controllers\users))
#3 C:\server\htdocs\CodeIgniter\system\CodeIgniter.php(318): CodeIgniter\CodeIgniter->handleRequest(NULL, Object(Config\Cache), false)
#4 C:\server\htdocs\CodeIgniter\public\index.php(37): CodeIgniter\CodeIgniter->run()
#5 {main}
CRITICAL - 2022-01-05 19:20:17 --> Argument 2 passed to CodeIgniter\Validation\Rules::is_unique() must be of the type string, null given, called in C:\server\htdocs\CodeIgniter\system\Validation\Validation.php on line 277
#0 C:\server\htdocs\CodeIgniter\system\Validation\Validation.php(277): CodeIgniter\Validation\Rules->is_unique('mohkan.998750@g...', NULL)
#1 C:\server\htdocs\CodeIgniter\system\Validation\Validation.php(151): CodeIgniter\Validation\Validation->processRules('email', 'email', 'mohkan.998750@g...', Array, Array)
#2 C:\server\htdocs\CodeIgniter\system\Controller.php(160): CodeIgniter\Validation\Validation->run()
#3 C:\server\htdocs\CodeIgniter\app\Controllers\users.php(54): CodeIgniter\Controller->validate(Array)
#4 C:\server\htdocs\CodeIgniter\system\CodeIgniter.php(824): App\Controllers\users->create2()
#5 C:\server\htdocs\CodeIgniter\system\CodeIgniter.php(410): CodeIgniter\CodeIgniter->runController(Object(App\Controllers\users))
#6 C:\server\htdocs\CodeIgniter\system\CodeIgniter.php(318): CodeIgniter\CodeIgniter->handleRequest(NULL, Object(Config\Cache), false)
#7 C:\server\htdocs\CodeIgniter\public\index.php(37): CodeIgniter\CodeIgniter->run()
#8 {main}
CRITICAL - 2022-01-05 19:20:19 --> Argument 2 passed to CodeIgniter\Validation\Rules::is_unique() must be of the type string, null given, called in C:\server\htdocs\CodeIgniter\system\Validation\Validation.php on line 277
#0 C:\server\htdocs\CodeIgniter\system\Validation\Validation.php(277): CodeIgniter\Validation\Rules->is_unique('mohkan.998750@g...', NULL)
#1 C:\server\htdocs\CodeIgniter\system\Validation\Validation.php(151): CodeIgniter\Validation\Validation->processRules('email', 'email', 'mohkan.998750@g...', Array, Array)
#2 C:\server\htdocs\CodeIgniter\system\Controller.php(160): CodeIgniter\Validation\Validation->run()
#3 C:\server\htdocs\CodeIgniter\app\Controllers\users.php(54): CodeIgniter\Controller->validate(Array)
#4 C:\server\htdocs\CodeIgniter\system\CodeIgniter.php(824): App\Controllers\users->create2()
#5 C:\server\htdocs\CodeIgniter\system\CodeIgniter.php(410): CodeIgniter\CodeIgniter->runController(Object(App\Controllers\users))
#6 C:\server\htdocs\CodeIgniter\system\CodeIgniter.php(318): CodeIgniter\CodeIgniter->handleRequest(NULL, Object(Config\Cache), false)
#7 C:\server\htdocs\CodeIgniter\public\index.php(37): CodeIgniter\CodeIgniter->run()
#8 {main}
CRITICAL - 2022-01-05 19:20:20 --> Argument 2 passed to CodeIgniter\Validation\Rules::is_unique() must be of the type string, null given, called in C:\server\htdocs\CodeIgniter\system\Validation\Validation.php on line 277
#0 C:\server\htdocs\CodeIgniter\system\Validation\Validation.php(277): CodeIgniter\Validation\Rules->is_unique('mohkan.998750@g...', NULL)
#1 C:\server\htdocs\CodeIgniter\system\Validation\Validation.php(151): CodeIgniter\Validation\Validation->processRules('email', 'email', 'mohkan.998750@g...', Array, Array)
#2 C:\server\htdocs\CodeIgniter\system\Controller.php(160): CodeIgniter\Validation\Validation->run()
#3 C:\server\htdocs\CodeIgniter\app\Controllers\users.php(54): CodeIgniter\Controller->validate(Array)
#4 C:\server\htdocs\CodeIgniter\system\CodeIgniter.php(824): App\Controllers\users->create2()
#5 C:\server\htdocs\CodeIgniter\system\CodeIgniter.php(410): CodeIgniter\CodeIgniter->runController(Object(App\Controllers\users))
#6 C:\server\htdocs\CodeIgniter\system\CodeIgniter.php(318): CodeIgniter\CodeIgniter->handleRequest(NULL, Object(Config\Cache), false)
#7 C:\server\htdocs\CodeIgniter\public\index.php(37): CodeIgniter\CodeIgniter->run()
#8 {main}
CRITICAL - 2022-01-05 19:20:36 --> Argument 2 passed to CodeIgniter\Validation\Rules::is_unique() must be of the type string, null given, called in C:\server\htdocs\CodeIgniter\system\Validation\Validation.php on line 277
#0 C:\server\htdocs\CodeIgniter\system\Validation\Validation.php(277): CodeIgniter\Validation\Rules->is_unique('mohkan.998750@g...', NULL)
#1 C:\server\htdocs\CodeIgniter\system\Validation\Validation.php(151): CodeIgniter\Validation\Validation->processRules('email', 'email', 'mohkan.998750@g...', Array, Array)
#2 C:\server\htdocs\CodeIgniter\system\Controller.php(160): CodeIgniter\Validation\Validation->run()
#3 C:\server\htdocs\CodeIgniter\app\Controllers\users.php(54): CodeIgniter\Controller->validate(Array)
#4 C:\server\htdocs\CodeIgniter\system\CodeIgniter.php(824): App\Controllers\users->create2()
#5 C:\server\htdocs\CodeIgniter\system\CodeIgniter.php(410): CodeIgniter\CodeIgniter->runController(Object(App\Controllers\users))
#6 C:\server\htdocs\CodeIgniter\system\CodeIgniter.php(318): CodeIgniter\CodeIgniter->handleRequest(NULL, Object(Config\Cache), false)
#7 C:\server\htdocs\CodeIgniter\public\index.php(37): CodeIgniter\CodeIgniter->run()
#8 {main}
CRITICAL - 2022-01-05 19:20:58 --> Argument 2 passed to CodeIgniter\Validation\Rules::is_unique() must be of the type string, null given, called in C:\server\htdocs\CodeIgniter\system\Validation\Validation.php on line 277
#0 C:\server\htdocs\CodeIgniter\system\Validation\Validation.php(277): CodeIgniter\Validation\Rules->is_unique('mohkanasd.99875...', NULL)
#1 C:\server\htdocs\CodeIgniter\system\Validation\Validation.php(151): CodeIgniter\Validation\Validation->processRules('email', 'email', 'mohkanasd.99875...', Array, Array)
#2 C:\server\htdocs\CodeIgniter\system\Controller.php(160): CodeIgniter\Validation\Validation->run()
#3 C:\server\htdocs\CodeIgniter\app\Controllers\users.php(54): CodeIgniter\Controller->validate(Array)
#4 C:\server\htdocs\CodeIgniter\system\CodeIgniter.php(824): App\Controllers\users->create2()
#5 C:\server\htdocs\CodeIgniter\system\CodeIgniter.php(410): CodeIgniter\CodeIgniter->runController(Object(App\Controllers\users))
#6 C:\server\htdocs\CodeIgniter\system\CodeIgniter.php(318): CodeIgniter\CodeIgniter->handleRequest(NULL, Object(Config\Cache), false)
#7 C:\server\htdocs\CodeIgniter\public\index.php(37): CodeIgniter\CodeIgniter->run()
#8 {main}
CRITICAL - 2022-01-05 19:21:00 --> Argument 2 passed to CodeIgniter\Validation\Rules::is_unique() must be of the type string, null given, called in C:\server\htdocs\CodeIgniter\system\Validation\Validation.php on line 277
#0 C:\server\htdocs\CodeIgniter\system\Validation\Validation.php(277): CodeIgniter\Validation\Rules->is_unique('mohkanasd.99875...', NULL)
#1 C:\server\htdocs\CodeIgniter\system\Validation\Validation.php(151): CodeIgniter\Validation\Validation->processRules('email', 'email', 'mohkanasd.99875...', Array, Array)
#2 C:\server\htdocs\CodeIgniter\system\Controller.php(160): CodeIgniter\Validation\Validation->run()
#3 C:\server\htdocs\CodeIgniter\app\Controllers\users.php(54): CodeIgniter\Controller->validate(Array)
#4 C:\server\htdocs\CodeIgniter\system\CodeIgniter.php(824): App\Controllers\users->create2()
#5 C:\server\htdocs\CodeIgniter\system\CodeIgniter.php(410): CodeIgniter\CodeIgniter->runController(Object(App\Controllers\users))
#6 C:\server\htdocs\CodeIgniter\system\CodeIgniter.php(318): CodeIgniter\CodeIgniter->handleRequest(NULL, Object(Config\Cache), false)
#7 C:\server\htdocs\CodeIgniter\public\index.php(37): CodeIgniter\CodeIgniter->run()
#8 {main}
CRITICAL - 2022-01-05 23:08:54 --> Undefined variable: validation
#0 C:\server\htdocs\CodeIgniter\app\Views\form.php(77): CodeIgniter\Debug\Exceptions->errorHandler(8, 'Undefined varia...', 'C:\\server\\htdoc...', 77, Array)
#1 C:\server\htdocs\CodeIgniter\system\View\View.php(214): include('C:\\server\\htdoc...')
#2 C:\server\htdocs\CodeIgniter\system\View\View.php(217): CodeIgniter\View\View->CodeIgniter\View\{closure}()
#3 C:\server\htdocs\CodeIgniter\system\Common.php(1097): CodeIgniter\View\View->render('form.php', Array, true)
#4 C:\server\htdocs\CodeIgniter\app\Controllers\Form.php(10): view('form.php')
#5 C:\server\htdocs\CodeIgniter\system\CodeIgniter.php(824): App\Controllers\Form->index()
#6 C:\server\htdocs\CodeIgniter\system\CodeIgniter.php(410): CodeIgniter\CodeIgniter->runController(Object(App\Controllers\Form))
#7 C:\server\htdocs\CodeIgniter\system\CodeIgniter.php(318): CodeIgniter\CodeIgniter->handleRequest(NULL, Object(Config\Cache), false)
#8 C:\server\htdocs\CodeIgniter\public\index.php(37): CodeIgniter\CodeIgniter->run()
#9 {main}
CRITICAL - 2022-01-05 23:08:54 --> Undefined variable: validation
#0 C:\server\htdocs\CodeIgniter\app\Views\form.php(77): CodeIgniter\Debug\Exceptions->errorHandler(8, 'Undefined varia...', 'C:\\server\\htdoc...', 77, Array)
#1 C:\server\htdocs\CodeIgniter\system\View\View.php(214): include('C:\\server\\htdoc...')
#2 C:\server\htdocs\CodeIgniter\system\View\View.php(217): CodeIgniter\View\View->CodeIgniter\View\{closure}()
#3 C:\server\htdocs\CodeIgniter\system\Common.php(1097): CodeIgniter\View\View->render('form.php', Array, true)
#4 C:\server\htdocs\CodeIgniter\app\Controllers\Form.php(10): view('form.php')
#5 C:\server\htdocs\CodeIgniter\system\CodeIgniter.php(824): App\Controllers\Form->index()
#6 C:\server\htdocs\CodeIgniter\system\CodeIgniter.php(410): CodeIgniter\CodeIgniter->runController(Object(App\Controllers\Form))
#7 C:\server\htdocs\CodeIgniter\system\CodeIgniter.php(318): CodeIgniter\CodeIgniter->handleRequest(NULL, Object(Config\Cache), false)
#8 C:\server\htdocs\CodeIgniter\public\index.php(37): CodeIgniter\CodeIgniter->run()
#9 {main}
CRITICAL - 2022-01-05 23:08:54 --> Undefined variable: validation
#0 C:\server\htdocs\CodeIgniter\app\Views\form.php(77): CodeIgniter\Debug\Exceptions->errorHandler(8, 'Undefined varia...', 'C:\\server\\htdoc...', 77, Array)
#1 C:\server\htdocs\CodeIgniter\system\View\View.php(214): include('C:\\server\\htdoc...')
#2 C:\server\htdocs\CodeIgniter\system\View\View.php(217): CodeIgniter\View\View->CodeIgniter\View\{closure}()
#3 C:\server\htdocs\CodeIgniter\system\Common.php(1097): CodeIgniter\View\View->render('form.php', Array, true)
#4 C:\server\htdocs\CodeIgniter\app\Controllers\Form.php(10): view('form.php')
#5 C:\server\htdocs\CodeIgniter\system\CodeIgniter.php(824): App\Controllers\Form->index()
#6 C:\server\htdocs\CodeIgniter\system\CodeIgniter.php(410): CodeIgniter\CodeIgniter->runController(Object(App\Controllers\Form))
#7 C:\server\htdocs\CodeIgniter\system\CodeIgniter.php(318): CodeIgniter\CodeIgniter->handleRequest(NULL, Object(Config\Cache), false)
#8 C:\server\htdocs\CodeIgniter\public\index.php(37): CodeIgniter\CodeIgniter->run()
#9 {main}
CRITICAL - 2022-01-05 23:09:46 --> Call to undefined function form_open()
#0 C:\server\htdocs\CodeIgniter\system\View\View.php(214): include()
#1 C:\server\htdocs\CodeIgniter\system\View\View.php(217): CodeIgniter\View\View->CodeIgniter\View\{closure}()
#2 C:\server\htdocs\CodeIgniter\system\Common.php(1097): CodeIgniter\View\View->render('form.php', Array, true)
#3 C:\server\htdocs\CodeIgniter\app\Controllers\Form.php(10): view('form.php')
#4 C:\server\htdocs\CodeIgniter\system\CodeIgniter.php(824): App\Controllers\Form->index()
#5 C:\server\htdocs\CodeIgniter\system\CodeIgniter.php(410): CodeIgniter\CodeIgniter->runController(Object(App\Controllers\Form))
#6 C:\server\htdocs\CodeIgniter\system\CodeIgniter.php(318): CodeIgniter\CodeIgniter->handleRequest(NULL, Object(Config\Cache), false)
#7 C:\server\htdocs\CodeIgniter\public\index.php(37): CodeIgniter\CodeIgniter->run()
#8 {main}
CRITICAL - 2022-01-05 23:09:46 --> Call to undefined function form_open()
#0 C:\server\htdocs\CodeIgniter\system\View\View.php(214): include()
#1 C:\server\htdocs\CodeIgniter\system\View\View.php(217): CodeIgniter\View\View->CodeIgniter\View\{closure}()
#2 C:\server\htdocs\CodeIgniter\system\Common.php(1097): CodeIgniter\View\View->render('form.php', Array, true)
#3 C:\server\htdocs\CodeIgniter\app\Controllers\Form.php(10): view('form.php')
#4 C:\server\htdocs\CodeIgniter\system\CodeIgniter.php(824): App\Controllers\Form->index()
#5 C:\server\htdocs\CodeIgniter\system\CodeIgniter.php(410): CodeIgniter\CodeIgniter->runController(Object(App\Controllers\Form))
#6 C:\server\htdocs\CodeIgniter\system\CodeIgniter.php(318): CodeIgniter\CodeIgniter->handleRequest(NULL, Object(Config\Cache), false)
#7 C:\server\htdocs\CodeIgniter\public\index.php(37): CodeIgniter\CodeIgniter->run()
#8 {main}
CRITICAL - 2022-01-05 23:09:47 --> Call to undefined function form_open()
#0 C:\server\htdocs\CodeIgniter\system\View\View.php(214): include()
#1 C:\server\htdocs\CodeIgniter\system\View\View.php(217): CodeIgniter\View\View->CodeIgniter\View\{closure}()
#2 C:\server\htdocs\CodeIgniter\system\Common.php(1097): CodeIgniter\View\View->render('form.php', Array, true)
#3 C:\server\htdocs\CodeIgniter\app\Controllers\Form.php(10): view('form.php')
#4 C:\server\htdocs\CodeIgniter\system\CodeIgniter.php(824): App\Controllers\Form->index()
#5 C:\server\htdocs\CodeIgniter\system\CodeIgniter.php(410): CodeIgniter\CodeIgniter->runController(Object(App\Controllers\Form))
#6 C:\server\htdocs\CodeIgniter\system\CodeIgniter.php(318): CodeIgniter\CodeIgniter->handleRequest(NULL, Object(Config\Cache), false)
#7 C:\server\htdocs\CodeIgniter\public\index.php(37): CodeIgniter\CodeIgniter->run()
#8 {main}
CRITICAL - 2022-01-05 23:09:47 --> Call to undefined function form_open()
#0 C:\server\htdocs\CodeIgniter\system\View\View.php(214): include()
#1 C:\server\htdocs\CodeIgniter\system\View\View.php(217): CodeIgniter\View\View->CodeIgniter\View\{closure}()
#2 C:\server\htdocs\CodeIgniter\system\Common.php(1097): CodeIgniter\View\View->render('form.php', Array, true)
#3 C:\server\htdocs\CodeIgniter\app\Controllers\Form.php(10): view('form.php')
#4 C:\server\htdocs\CodeIgniter\system\CodeIgniter.php(824): App\Controllers\Form->index()
#5 C:\server\htdocs\CodeIgniter\system\CodeIgniter.php(410): CodeIgniter\CodeIgniter->runController(Object(App\Controllers\Form))
#6 C:\server\htdocs\CodeIgniter\system\CodeIgniter.php(318): CodeIgniter\CodeIgniter->handleRequest(NULL, Object(Config\Cache), false)
#7 C:\server\htdocs\CodeIgniter\public\index.php(37): CodeIgniter\CodeIgniter->run()
#8 {main}
CRITICAL - 2022-01-05 23:09:47 --> Call to undefined function form_open()
#0 C:\server\htdocs\CodeIgniter\system\View\View.php(214): include()
#1 C:\server\htdocs\CodeIgniter\system\View\View.php(217): CodeIgniter\View\View->CodeIgniter\View\{closure}()
#2 C:\server\htdocs\CodeIgniter\system\Common.php(1097): CodeIgniter\View\View->render('form.php', Array, true)
#3 C:\server\htdocs\CodeIgniter\app\Controllers\Form.php(10): view('form.php')
#4 C:\server\htdocs\CodeIgniter\system\CodeIgniter.php(824): App\Controllers\Form->index()
#5 C:\server\htdocs\CodeIgniter\system\CodeIgniter.php(410): CodeIgniter\CodeIgniter->runController(Object(App\Controllers\Form))
#6 C:\server\htdocs\CodeIgniter\system\CodeIgniter.php(318): CodeIgniter\CodeIgniter->handleRequest(NULL, Object(Config\Cache), false)
#7 C:\server\htdocs\CodeIgniter\public\index.php(37): CodeIgniter\CodeIgniter->run()
#8 {main}
CRITICAL - 2022-01-05 23:10:04 --> Call to undefined function form_open()
#0 C:\server\htdocs\CodeIgniter\system\View\View.php(214): include()
#1 C:\server\htdocs\CodeIgniter\system\View\View.php(217): CodeIgniter\View\View->CodeIgniter\View\{closure}()
#2 C:\server\htdocs\CodeIgniter\system\Common.php(1097): CodeIgniter\View\View->render('form.php', Array, true)
#3 C:\server\htdocs\CodeIgniter\app\Controllers\Form.php(10): view('form.php')
#4 C:\server\htdocs\CodeIgniter\system\CodeIgniter.php(824): App\Controllers\Form->index()
#5 C:\server\htdocs\CodeIgniter\system\CodeIgniter.php(410): CodeIgniter\CodeIgniter->runController(Object(App\Controllers\Form))
#6 C:\server\htdocs\CodeIgniter\system\CodeIgniter.php(318): CodeIgniter\CodeIgniter->handleRequest(NULL, Object(Config\Cache), false)
#7 C:\server\htdocs\CodeIgniter\public\index.php(37): CodeIgniter\CodeIgniter->run()
#8 {main}
CRITICAL - 2022-01-05 23:10:04 --> Call to undefined function form_open()
#0 C:\server\htdocs\CodeIgniter\system\View\View.php(214): include()
#1 C:\server\htdocs\CodeIgniter\system\View\View.php(217): CodeIgniter\View\View->CodeIgniter\View\{closure}()
#2 C:\server\htdocs\CodeIgniter\system\Common.php(1097): CodeIgniter\View\View->render('form.php', Array, true)
#3 C:\server\htdocs\CodeIgniter\app\Controllers\Form.php(10): view('form.php')
#4 C:\server\htdocs\CodeIgniter\system\CodeIgniter.php(824): App\Controllers\Form->index()
#5 C:\server\htdocs\CodeIgniter\system\CodeIgniter.php(410): CodeIgniter\CodeIgniter->runController(Object(App\Controllers\Form))
#6 C:\server\htdocs\CodeIgniter\system\CodeIgniter.php(318): CodeIgniter\CodeIgniter->handleRequest(NULL, Object(Config\Cache), false)
#7 C:\server\htdocs\CodeIgniter\public\index.php(37): CodeIgniter\CodeIgniter->run()
#8 {main}
CRITICAL - 2022-01-05 23:10:04 --> Call to undefined function form_open()
#0 C:\server\htdocs\CodeIgniter\system\View\View.php(214): include()
#1 C:\server\htdocs\CodeIgniter\system\View\View.php(217): CodeIgniter\View\View->CodeIgniter\View\{closure}()
#2 C:\server\htdocs\CodeIgniter\system\Common.php(1097): CodeIgniter\View\View->render('form.php', Array, true)
#3 C:\server\htdocs\CodeIgniter\app\Controllers\Form.php(10): view('form.php')
#4 C:\server\htdocs\CodeIgniter\system\CodeIgniter.php(824): App\Controllers\Form->index()
#5 C:\server\htdocs\CodeIgniter\system\CodeIgniter.php(410): CodeIgniter\CodeIgniter->runController(Object(App\Controllers\Form))
#6 C:\server\htdocs\CodeIgniter\system\CodeIgniter.php(318): CodeIgniter\CodeIgniter->handleRequest(NULL, Object(Config\Cache), false)
#7 C:\server\htdocs\CodeIgniter\public\index.php(37): CodeIgniter\CodeIgniter->run()
#8 {main}
CRITICAL - 2022-01-05 23:10:04 --> Call to undefined function form_open()
#0 C:\server\htdocs\CodeIgniter\system\View\View.php(214): include()
#1 C:\server\htdocs\CodeIgniter\system\View\View.php(217): CodeIgniter\View\View->CodeIgniter\View\{closure}()
#2 C:\server\htdocs\CodeIgniter\system\Common.php(1097): CodeIgniter\View\View->render('form.php', Array, true)
#3 C:\server\htdocs\CodeIgniter\app\Controllers\Form.php(10): view('form.php')
#4 C:\server\htdocs\CodeIgniter\system\CodeIgniter.php(824): App\Controllers\Form->index()
#5 C:\server\htdocs\CodeIgniter\system\CodeIgniter.php(410): CodeIgniter\CodeIgniter->runController(Object(App\Controllers\Form))
#6 C:\server\htdocs\CodeIgniter\system\CodeIgniter.php(318): CodeIgniter\CodeIgniter->handleRequest(NULL, Object(Config\Cache), false)
#7 C:\server\htdocs\CodeIgniter\public\index.php(37): CodeIgniter\CodeIgniter->run()
#8 {main}
CRITICAL - 2022-01-05 23:10:07 --> Call to undefined function form_open()
#0 C:\server\htdocs\CodeIgniter\system\View\View.php(214): include()
#1 C:\server\htdocs\CodeIgniter\system\View\View.php(217): CodeIgniter\View\View->CodeIgniter\View\{closure}()
#2 C:\server\htdocs\CodeIgniter\system\Common.php(1097): CodeIgniter\View\View->render('form.php', Array, true)
#3 C:\server\htdocs\CodeIgniter\app\Controllers\Form.php(10): view('form.php')
#4 C:\server\htdocs\CodeIgniter\system\CodeIgniter.php(824): App\Controllers\Form->index()
#5 C:\server\htdocs\CodeIgniter\system\CodeIgniter.php(410): CodeIgniter\CodeIgniter->runController(Object(App\Controllers\Form))
#6 C:\server\htdocs\CodeIgniter\system\CodeIgniter.php(318): CodeIgniter\CodeIgniter->handleRequest(NULL, Object(Config\Cache), false)
#7 C:\server\htdocs\CodeIgniter\public\index.php(37): CodeIgniter\CodeIgniter->run()
#8 {main}
CRITICAL - 2022-01-05 23:10:07 --> Call to undefined function form_open()
#0 C:\server\htdocs\CodeIgniter\system\View\View.php(214): include()
#1 C:\server\htdocs\CodeIgniter\system\View\View.php(217): CodeIgniter\View\View->CodeIgniter\View\{closure}()
#2 C:\server\htdocs\CodeIgniter\system\Common.php(1097): CodeIgniter\View\View->render('form.php', Array, true)
#3 C:\server\htdocs\CodeIgniter\app\Controllers\Form.php(10): view('form.php')
#4 C:\server\htdocs\CodeIgniter\system\CodeIgniter.php(824): App\Controllers\Form->index()
#5 C:\server\htdocs\CodeIgniter\system\CodeIgniter.php(410): CodeIgniter\CodeIgniter->runController(Object(App\Controllers\Form))
#6 C:\server\htdocs\CodeIgniter\system\CodeIgniter.php(318): CodeIgniter\CodeIgniter->handleRequest(NULL, Object(Config\Cache), false)
#7 C:\server\htdocs\CodeIgniter\public\index.php(37): CodeIgniter\CodeIgniter->run()
#8 {main}
CRITICAL - 2022-01-05 23:10:07 --> Call to undefined function form_open()
#0 C:\server\htdocs\CodeIgniter\system\View\View.php(214): include()
#1 C:\server\htdocs\CodeIgniter\system\View\View.php(217): CodeIgniter\View\View->CodeIgniter\View\{closure}()
#2 C:\server\htdocs\CodeIgniter\system\Common.php(1097): CodeIgniter\View\View->render('form.php', Array, true)
#3 C:\server\htdocs\CodeIgniter\app\Controllers\Form.php(10): view('form.php')
#4 C:\server\htdocs\CodeIgniter\system\CodeIgniter.php(824): App\Controllers\Form->index()
#5 C:\server\htdocs\CodeIgniter\system\CodeIgniter.php(410): CodeIgniter\CodeIgniter->runController(Object(App\Controllers\Form))
#6 C:\server\htdocs\CodeIgniter\system\CodeIgniter.php(318): CodeIgniter\CodeIgniter->handleRequest(NULL, Object(Config\Cache), false)
#7 C:\server\htdocs\CodeIgniter\public\index.php(37): CodeIgniter\CodeIgniter->run()
#8 {main}
